Using pre-set license
Built from '2020.2/staging' branch; Version is '2020.2.3f1 (8ff31bc5bf5b) revision 9433883'; Using compiler version '192528614'; Build Type 'Release'
OS: 'Windows 10 Home; OS build 19042.1083; Version 2009; 64bit' Language: 'ru' Physical Memory: 8155 MB
BatchMode: 1, IsHumanControllingUs: 0, StartBugReporterOnCrash: 0, Is64bit: 1, IsPro: 0

 COMMAND LINE ARGUMENTS:
C:\Program Files\Unity\Hub\Editor\2020.2.3f1\Editor\Unity.exe
-adb2
-batchMode
-noUpm
-name
AssetImportWorker0
-projectPath
C:/Users/grisholq/Desktop/Unity/Projects/Humans Run
-logFile
Logs/AssetImportWorker0.log
-srvPort
50441
Successfully changed project path to: C:/Users/grisholq/Desktop/Unity/Projects/Humans Run
C:/Users/grisholq/Desktop/Unity/Projects/Humans Run
Using Asset Import Pipeline V2.
Refreshing native plugins compatible for Editor in 44.58 ms, found 2 plugins.
Preloading 0 native plugins for Editor in 0.00 ms.
Initialize engine version: 2020.2.3f1 (8ff31bc5bf5b)
[Subsystems] Discovering subsystems at path C:/Program Files/Unity/Hub/Editor/2020.2.3f1/Editor/Data/Resources/UnitySubsystems
[Subsystems] Discovering subsystems at path C:/Users/grisholq/Desktop/Unity/Projects/Humans Run/Assets
GfxDevice: creating device client; threaded=0
Direct3D:
    Version:  Direct3D 11.0 [level 11.1]
    Renderer: NVIDIA GeForce GTX 1050 Ti (ID=0x1c82)
    Vendor:   
    VRAM:     4018 MB
    Driver:   27.21.14.5671
Initialize mono
Mono path[0] = 'C:/Program Files/Unity/Hub/Editor/2020.2.3f1/Editor/Data/Managed'
Mono path[1] = 'C:/Program Files/Unity/Hub/Editor/2020.2.3f1/Editor/Data/MonoBleedingEdge/lib/mono/unityjit'
Mono config path = 'C:/Program Files/Unity/Hub/Editor/2020.2.3f1/Editor/Data/MonoBleedingEdge/etc'
Using monoOptions --debugger-agent=transport=dt_socket,embedding=1,server=y,suspend=n,address=127.0.0.1:56284
Begin MonoManager ReloadAssembly
Registering precompiled unity dll's ...
Register platform support module: C:/Program Files/Unity/Hub/Editor/2020.2.3f1/Editor/Data/PlaybackEngines/WindowsStandaloneSupport/UnityEditor.WindowsStandalone.Extensions.dll
Registered in 0.002694 seconds.
Native extension for WindowsStandalone target not found
Refreshing native plugins compatible for Editor in 31.42 ms, found 2 plugins.
Preloading 0 native plugins for Editor in 0.00 ms.
Invoked RoslynAnalysisRunner static constructor.
RoslynAnalysisRunner will not be running.
RoslynAnalysisRunner has terminated.
Mono: successfully reloaded assembly
- Completed reload, in  2.839 seconds
Platform modules already initialized, skipping
Registering precompiled user dll's ...
Registered in 0.001309 seconds.
Begin MonoManager ReloadAssembly
Native extension for WindowsStandalone target not found
Refreshing native plugins compatible for Editor in 0.38 ms, found 2 plugins.
Preloading 0 native plugins for Editor in 0.00 ms.
Invoked RoslynAnalysisRunner static constructor.
RoslynAnalysisRunner will not be running.
RoslynAnalysisRunner has terminated.
Mono: successfully reloaded assembly
- Completed reload, in  1.096 seconds
Platform modules already initialized, skipping
========================================================================
Worker process is ready to serve import requests
Launched and connected shader compiler UnityShaderCompiler.exe after 0.07 seconds
Refreshing native plugins compatible for Editor in 0.37 ms, found 2 plugins.
Preloading 0 native plugins for Editor in 0.00 ms.
Unloading 1148 Unused Serialized files (Serialized files now loaded: 0)
System memory in use before: 132.7 MB.
System memory in use after: 132.7 MB.

Unloading 14 unused Assets to reduce memory usage. Loaded Objects now: 1593.
Total: 2.184700 ms (FindLiveObjects: 0.401700 ms CreateObjectMapping: 0.062500 ms MarkObjects: 1.604900 ms  DeleteObjects: 0.114200 ms)

========================================================================
Received Prepare
Refreshing native plugins compatible for Editor in 2.88 ms, found 2 plugins.
Preloading 0 native plugins for Editor in 0.00 ms.
Unloading 8 Unused Serialized files (Serialized files now loaded: 0)
System memory in use before: 108.8 MB.
System memory in use after: 108.9 MB.

Unloading 8 unused Assets to reduce memory usage. Loaded Objects now: 1593.
Total: 1.859800 ms (FindLiveObjects: 0.156900 ms CreateObjectMapping: 0.050600 ms MarkObjects: 1.578400 ms  DeleteObjects: 0.072500 ms)

========================================================================
Received Import Request.
  path: Assets/Animations/Boss/Boss.controller
  artifactKey: Guid(8ec535058df14274299c80131988e46d) Importer(815301076,1909f56bfc062723c751e8b465ee728b)
Start importing Assets/Animations/Boss/Boss.controller using Guid(8ec535058df14274299c80131988e46d) Importer(815301076,1909f56bfc062723c751e8b465ee728b)  -> (artifact id: 'a27d21be621229483a58008195029743') in 0.070562 seconds
  Import took 0.080723 seconds .

========================================================================
Received Prepare
Registering precompiled user dll's ...
Registered in 0.001345 seconds.
Begin MonoManager ReloadAssembly
Native extension for WindowsStandalone target not found
Refreshing native plugins compatible for Editor in 0.37 ms, found 2 plugins.
Preloading 0 native plugins for Editor in 0.00 ms.
Invoked RoslynAnalysisRunner static constructor.
RoslynAnalysisRunner will not be running.
RoslynAnalysisRunner has terminated.
Mono: successfully reloaded assembly
- Completed reload, in  1.060 seconds
Platform modules already initialized, skipping
Switching build target platform(5) subTarget(0) extendedPlatform(0) -> platform(13) subTarget(537395200) extendedPlatform(0)
Refreshing native plugins compatible for Editor in 0.40 ms, found 2 plugins.
Preloading 0 native plugins for Editor in 0.00 ms.
Unloading 1126 Unused Serialized files (Serialized files now loaded: 0)
System memory in use before: 130.4 MB.
System memory in use after: 130.5 MB.

Unloading 10 unused Assets to reduce memory usage. Loaded Objects now: 1595.
Total: 1.875800 ms (FindLiveObjects: 0.228500 ms CreateObjectMapping: 0.052900 ms MarkObjects: 1.525300 ms  DeleteObjects: 0.067500 ms)

AssetImportParameters requested are different than current active one (requested -> active):
  custom:graphics/normal-map-encoding: 01000000000000000000000000000000 -> 02000000000000000000000000000000
========================================================================
Received Import Request.
  Time since last request: 1461.816247 seconds.
  path: Assets/Import/Stickman/Vlad/Attack_man.fbx
  artifactKey: Guid(8be2ec2f9c8bdf442a94ed6e15c750e5) Importer(815301076,1909f56bfc062723c751e8b465ee728b)
Start importing Assets/Import/Stickman/Vlad/Attack_man.fbx using Guid(8be2ec2f9c8bdf442a94ed6e15c750e5) Importer(815301076,1909f56bfc062723c751e8b465ee728b)  -> (artifact id: '683d81e70f38b54f9bd05231fe2bcd6b') in 0.554403 seconds
  Import took 0.582452 seconds .

========================================================================
Received Import Request.
  Time since last request: 41.934301 seconds.
  path: Assets/Import/Stickman/Vlad/Attack_man.fbx
  artifactKey: Guid(8be2ec2f9c8bdf442a94ed6e15c750e5) Importer(815301076,1909f56bfc062723c751e8b465ee728b)
Start importing Assets/Import/Stickman/Vlad/Attack_man.fbx using Guid(8be2ec2f9c8bdf442a94ed6e15c750e5) Importer(815301076,1909f56bfc062723c751e8b465ee728b)  -> (artifact id: 'e76cabdc870fa4f3b6730a4baddd166b') in 0.039429 seconds
  Import took 0.052069 seconds .

========================================================================
Received Import Request.
  Time since last request: 31.183706 seconds.
  path: Assets/Import/Stickman/Vlad/Attack_man.fbx
  artifactKey: Guid(8be2ec2f9c8bdf442a94ed6e15c750e5) Importer(815301076,1909f56bfc062723c751e8b465ee728b)
Start importing Assets/Import/Stickman/Vlad/Attack_man.fbx using Guid(8be2ec2f9c8bdf442a94ed6e15c750e5) Importer(815301076,1909f56bfc062723c751e8b465ee728b)  -> (artifact id: '1c616db45e801b216614cc5f2b7bae0d') in 0.031501 seconds
  Import took 0.043462 seconds .

========================================================================
Received Prepare
Registering precompiled user dll's ...
Registered in 0.001472 seconds.
Begin MonoManager ReloadAssembly
Native extension for WindowsStandalone target not found
Refreshing native plugins compatible for Editor in 0.37 ms, found 2 plugins.
Preloading 0 native plugins for Editor in 0.00 ms.
Invoked RoslynAnalysisRunner static constructor.
RoslynAnalysisRunner will not be running.
RoslynAnalysisRunner has terminated.
Mono: successfully reloaded assembly
- Completed reload, in  1.058 seconds
Platform modules already initialized, skipping
Switching build target platform(5) subTarget(0) extendedPlatform(0) -> platform(13) subTarget(537395200) extendedPlatform(0)
Refreshing native plugins compatible for Editor in 0.36 ms, found 2 plugins.
Preloading 0 native plugins for Editor in 0.00 ms.
Unloading 1126 Unused Serialized files (Serialized files now loaded: 0)
System memory in use before: 144.8 MB.
System memory in use after: 144.8 MB.

Unloading 11 unused Assets to reduce memory usage. Loaded Objects now: 1608.
Total: 2.125900 ms (FindLiveObjects: 0.145100 ms CreateObjectMapping: 0.071400 ms MarkObjects: 1.832900 ms  DeleteObjects: 0.075100 ms)

AssetImportParameters requested are different than current active one (requested -> active):
  custom:graphics/normal-map-encoding: 01000000000000000000000000000000 -> 02000000000000000000000000000000
========================================================================
Received Import Request.
  Time since last request: 343.217129 seconds.
  path: Assets/Animations/Boss/Boss.controller
  artifactKey: Guid(8ec535058df14274299c80131988e46d) Importer(815301076,1909f56bfc062723c751e8b465ee728b)
Start importing Assets/Animations/Boss/Boss.controller using Guid(8ec535058df14274299c80131988e46d) Importer(815301076,1909f56bfc062723c751e8b465ee728b)  -> (artifact id: 'e1d25ad039051dc636ad27d3a1ef28fc') in 0.019753 seconds
  Import took 0.028147 seconds .

========================================================================
Received Import Request.
  Time since last request: 0.000327 seconds.
  path: Assets/Import/Stickman/Vlad/Attack_man.fbx
  artifactKey: Guid(8be2ec2f9c8bdf442a94ed6e15c750e5) Importer(815301076,1909f56bfc062723c751e8b465ee728b)
Start importing Assets/Import/Stickman/Vlad/Attack_man.fbx using Guid(8be2ec2f9c8bdf442a94ed6e15c750e5) Importer(815301076,1909f56bfc062723c751e8b465ee728b)  -> (artifact id: '220aa8ffca6ef24d116619a27a8a424d') in 0.099445 seconds
  Import took 0.109786 seconds .

========================================================================
Received Prepare
Registering precompiled user dll's ...
Registered in 0.001571 seconds.
Begin MonoManager ReloadAssembly
Native extension for WindowsStandalone target not found
Refreshing native plugins compatible for Editor in 0.37 ms, found 2 plugins.
Preloading 0 native plugins for Editor in 0.00 ms.
Invoked RoslynAnalysisRunner static constructor.
RoslynAnalysisRunner will not be running.
RoslynAnalysisRunner has terminated.
Mono: successfully reloaded assembly
- Completed reload, in  1.066 seconds
Platform modules already initialized, skipping
Switching build target platform(5) subTarget(0) extendedPlatform(0) -> platform(13) subTarget(537395200) extendedPlatform(0)
Refreshing native plugins compatible for Editor in 0.38 ms, found 2 plugins.
Preloading 0 native plugins for Editor in 0.00 ms.
Unloading 1126 Unused Serialized files (Serialized files now loaded: 0)
System memory in use before: 144.8 MB.
System memory in use after: 144.9 MB.

Unloading 11 unused Assets to reduce memory usage. Loaded Objects now: 1611.
Total: 2.167100 ms (FindLiveObjects: 0.267400 ms CreateObjectMapping: 0.057100 ms MarkObjects: 1.763700 ms  DeleteObjects: 0.077000 ms)

AssetImportParameters requested are different than current active one (requested -> active):
  custom:graphics/normal-map-encoding: 01000000000000000000000000000000 -> 02000000000000000000000000000000
========================================================================
Received Prepare
Registering precompiled user dll's ...
Registered in 0.001779 seconds.
Begin MonoManager ReloadAssembly
Native extension for WindowsStandalone target not found
Refreshing native plugins compatible for Editor in 0.40 ms, found 2 plugins.
Preloading 0 native plugins for Editor in 0.00 ms.
Invoked RoslynAnalysisRunner static constructor.
RoslynAnalysisRunner will not be running.
RoslynAnalysisRunner has terminated.
Mono: successfully reloaded assembly
- Completed reload, in  1.074 seconds
Platform modules already initialized, skipping
Switching build target platform(5) subTarget(0) extendedPlatform(0) -> platform(13) subTarget(537395200) extendedPlatform(0)
Refreshing native plugins compatible for Editor in 0.37 ms, found 2 plugins.
Preloading 0 native plugins for Editor in 0.00 ms.
Unloading 1126 Unused Serialized files (Serialized files now loaded: 0)
System memory in use before: 144.8 MB.
System memory in use after: 144.9 MB.

Unloading 10 unused Assets to reduce memory usage. Loaded Objects now: 1613.
Total: 2.030000 ms (FindLiveObjects: 0.206800 ms CreateObjectMapping: 0.051600 ms MarkObjects: 1.681500 ms  DeleteObjects: 0.088100 ms)

AssetImportParameters requested are different than current active one (requested -> active):
  custom:graphics/normal-map-encoding: 01000000000000000000000000000000 -> 02000000000000000000000000000000
========================================================================
Received Prepare
Refreshing native plugins compatible for Editor in 2.91 ms, found 2 plugins.
Preloading 0 native plugins for Editor in 0.00 ms.
Unloading 8 Unused Serialized files (Serialized files now loaded: 0)
System memory in use before: 123.3 MB.
System memory in use after: 123.4 MB.

Unloading 8 unused Assets to reduce memory usage. Loaded Objects now: 1613.
Total: 1.991200 ms (FindLiveObjects: 0.233900 ms CreateObjectMapping: 0.048300 ms MarkObjects: 1.629000 ms  DeleteObjects: 0.078600 ms)

AssetImportWorkerClient::OnTransportError - code=2 error=End of file
